<?xml version="1.0" encoding="UTF-8"?>
<!-- Generated by org.testng.reporters.JUnitReportReporter -->
<testsuite hostname="Prasenjit" failures="0" tests="4" name="Testng_package.ExcelTest" time="26.947" errors="0" timestamp="2025-08-16T16:03:05 IST" skipped="0">
  <testcase classname="Testng_package.ExcelTest" name="testLogin" time="7.212"/>
  <testcase classname="Testng_package.ExcelTest" name="testLogin" time="8.965"/>
  <testcase classname="Testng_package.ExcelTest" name="testLogin" time="4.888"/>
  <testcase classname="Testng_package.ExcelTest" name="testLogin" time="5.882"/>
</testsuite> <!-- Testng_package.ExcelTest -->
