<?xml version="1.0" encoding="UTF-8"?>
<!-- Generated by org.testng.reporters.JUnitReportReporter -->
<testsuite hostname="Prasenjit" failures="0" tests="1" name="Testng_package.TestClass2" time="7.886" errors="0" timestamp="2025-08-14T14:06:07 IST" skipped="0">
  <testcase classname="Testng_package.TestClass2" name="flipkart" time="7.886"/>
</testsuite> <!-- Testng_package.TestClass2 -->
