<?xml version="1.0" encoding="UTF-8"?>
<!-- Generated by org.testng.reporters.JUnitReportReporter -->
<testsuite hostname="Prasenjit" failures="0" tests="4" name="Testng_package.Para_testing" time="31.028" errors="0" timestamp="2025-08-14T13:26:55 IST" skipped="0">
  <testcase classname="Testng_package.Para_testing" name="flipkart" time="8.722"/>
  <testcase classname="Testng_package.Para_testing" name="zerobank" time="8.817"/>
  <testcase classname="Testng_package.Para_testing" name="amazon" time="6.653"/>
  <testcase classname="Testng_package.Para_testing" name="eBay" time="6.836"/>
</testsuite> <!-- Testng_package.Para_testing -->
