<?xml version="1.0" encoding="UTF-8"?>
<!-- Generated by org.testng.reporters.JUnitReportReporter -->
<testsuite hostname="Prasenjit" failures="0" tests="3" name="Testing_package.Ebay_testng" time="12.351" errors="0" timestamp="2025-08-13T12:27:13 IST" skipped="0">
  <testcase classname="Testing_package.Ebay_testng" name="search12" time="5.290"/>
  <testcase classname="Testing_package.Ebay_testng" name="search" time="4.889"/>
  <testcase classname="Testing_package.Ebay_testng" name="search1" time="2.172"/>
</testsuite> <!-- Testing_package.Ebay_testng -->
