<?xml version="1.0" encoding="UTF-8"?>
<!-- Generated by org.testng.reporters.JUnitReportReporter -->
<testsuite hostname="Prasenjit" failures="0" tests="1" name="TestNG_practiceQuestion.Ebay_Login_Try" time="19.853" errors="0" timestamp="2025-08-15T16:45:56 IST" skipped="0">
  <testcase classname="TestNG_practiceQuestion.Ebay_Login_Try" name="addToCartStatic1" time="19.853"/>
</testsuite> <!-- TestNG_practiceQuestion.Ebay_Login_Try -->
