<?xml version="1.0" encoding="UTF-8"?>
<!-- Generated by org.testng.reporters.JUnitReportReporter -->
<testsuite hostname="Prasenjit" failures="0" tests="3" name="Testng_package.ExcelTestSearch" time="29.717" errors="0" timestamp="2025-08-16T16:43:37 IST" skipped="0">
  <testcase classname="Testng_package.ExcelTestSearch" name="testLogin" time="6.102"/>
  <testcase classname="Testng_package.ExcelTestSearch" name="testLogin" time="12.694"/>
  <testcase classname="Testng_package.ExcelTestSearch" name="testLogin" time="10.921"/>
</testsuite> <!-- Testng_package.ExcelTestSearch -->
