<?xml version="1.0" encoding="UTF-8"?>
<!-- Generated by org.testng.reporters.JUnitReportReporter -->
<testsuite hostname="Prasenjit" failures="0" tests="5" name="Asserts_demo.RunSameTestAgain" time="0.017" errors="0" timestamp="2025-08-18T12:16:08 IST" skipped="0">
  <testcase classname="Asserts_demo.RunSameTestAgain" name="repeatTest" time="0.010"/>
  <testcase classname="Asserts_demo.RunSameTestAgain" name="repeatTest" time="0.001"/>
  <testcase classname="Asserts_demo.RunSameTestAgain" name="repeatTest" time="0.002"/>
  <testcase classname="Asserts_demo.RunSameTestAgain" name="repeatTest" time="0.002"/>
  <testcase classname="Asserts_demo.RunSameTestAgain" name="repeatTest" time="0.002"/>
</testsuite> <!-- Asserts_demo.RunSameTestAgain -->
