<?xml version="1.0" encoding="UTF-8"?>
<!-- Generated by org.testng.reporters.JUnitReportReporter -->
<testsuite hostname="Prasenjit" failures="0" tests="3" name="TestNG_practiceQuestions18August.LoginSearchLogoutDependant" time="33.235" errors="0" timestamp="2025-08-18T15:55:52 IST" skipped="0">
  <testcase classname="TestNG_practiceQuestions18August.LoginSearchLogoutDependant" name="loginEbay" time="12.765"/>
  <testcase classname="TestNG_practiceQuestions18August.LoginSearchLogoutDependant" name="searchProduct" time="8.905"/>
  <testcase classname="TestNG_practiceQuestions18August.LoginSearchLogoutDependant" name="logout" time="11.565"/>
</testsuite> <!-- TestNG_practiceQuestions18August.LoginSearchLogoutDependant -->
