<?xml version="1.0" encoding="UTF-8"?>
<!-- Generated by org.testng.reporters.JUnitReportReporter -->
<testsuite hostname="Prasenjit" failures="0" tests="5" name="TestNG_practiceQuestions18August.RunSameTestMultipleTimes" time="0.020" errors="0" timestamp="2025-08-18T14:19:24 IST" skipped="0">
  <testcase classname="TestNG_practiceQuestions18August.RunSameTestMultipleTimes" name="runSameTestMultipleTimes" time="0.012"/>
  <testcase classname="TestNG_practiceQuestions18August.RunSameTestMultipleTimes" name="runSameTestMultipleTimes" time="0.002"/>
  <testcase classname="TestNG_practiceQuestions18August.RunSameTestMultipleTimes" name="runSameTestMultipleTimes" time="0.002"/>
  <testcase classname="TestNG_practiceQuestions18August.RunSameTestMultipleTimes" name="runSameTestMultipleTimes" time="0.001"/>
  <testcase classname="TestNG_practiceQuestions18August.RunSameTestMultipleTimes" name="runSameTestMultipleTimes" time="0.003"/>
</testsuite> <!-- TestNG_practiceQuestions18August.RunSameTestMultipleTimes -->
