<?xml version="1.0" encoding="UTF-8"?>
<!-- Generated by org.testng.reporters.JUnitReportReporter -->
<testsuite hostname="Prasenjit" failures="0" tests="2" name="Asserts_demo.EnableDisableQuestion" time="0.014" errors="0" timestamp="2025-08-18T12:14:33 IST" skipped="1">
  <testcase classname="Asserts_demo.EnableDisableQuestion" name="activeTest" time="0.014"/>
  <testcase classname="Asserts_demo.EnableDisableQuestion" name="disabledTest">
    <skipped/>
  </testcase> <!-- disabledTest -->
</testsuite> <!-- Asserts_demo.EnableDisableQuestion -->
