<?xml version="1.0" encoding="UTF-8"?>
<!-- Generated by org.testng.reporters.JUnitReportReporter -->
<testsuite hostname="Prasenjit" failures="0" tests="1" name="Testng_package.TestClass1" time="9.804" errors="0" timestamp="2025-08-14T14:06:07 IST" skipped="0">
  <testcase classname="Testng_package.TestClass1" name="amazon" time="9.804"/>
</testsuite> <!-- Testng_package.TestClass1 -->
