<?xml version="1.0" encoding="UTF-8"?>
<!-- Generated by org.testng.reporters.JUnitReportReporter -->
<testsuite hostname="Prasenjit" failures="0" tests="2" name="TestNG_practiceQuestions18August.EnableDisable" time="5.994" errors="0" timestamp="2025-08-18T15:02:31 IST" skipped="1">
  <testcase classname="TestNG_practiceQuestions18August.EnableDisable" name="activeTest" time="5.994"/>
  <testcase classname="TestNG_practiceQuestions18August.EnableDisable" name="disabledTest">
    <skipped/>
  </testcase> <!-- disabledTest -->
</testsuite> <!-- TestNG_practiceQuestions18August.EnableDisable -->
