<?xml version="1.0" encoding="UTF-8"?>
<!-- Generated by org.testng.reporters.JUnitReportReporter -->
<testsuite hostname="Prasenjit" failures="0" tests="4" name="Testng_package.ExcelTest" time="37.788" errors="0" timestamp="2025-08-30T17:19:36 IST" skipped="0">
  <testcase classname="Testng_package.ExcelTest" name="testLogin" time="18.167"/>
  <testcase classname="Testng_package.ExcelTest" name="testLogin" time="6.542"/>
  <testcase classname="Testng_package.ExcelTest" name="testLogin" time="6.995"/>
  <testcase classname="Testng_package.ExcelTest" name="testLogin" time="6.084"/>
</testsuite> <!-- Testng_package.ExcelTest -->
