<?xml version="1.0" encoding="UTF-8"?>
<!-- Generated by org.testng.reporters.JUnitReportReporter -->
<testsuite hostname="Prasenjit" failures="0" tests="3" name="Testng_package.CrossBrowser_testing" time="29.202" errors="0" timestamp="2025-08-14T14:57:12 IST" skipped="0">
  <testcase classname="Testng_package.CrossBrowser_testing" name="edgebrowser" time="7.538"/>
  <testcase classname="Testng_package.CrossBrowser_testing" name="firefoxbrowser" time="12.233"/>
  <testcase classname="Testng_package.CrossBrowser_testing" name="chromebrowser" time="9.431"/>
</testsuite> <!-- Testng_package.CrossBrowser_testing -->
