<?xml version="1.0" encoding="UTF-8"?>
<!-- Generated by org.testng.reporters.JUnitReportReporter -->
<testsuite hostname="Prasenjit" failures="0" tests="1" name="TestNG_practiceQuestions18August.DummyLoginPageParameter" time="0.020" errors="0" timestamp="2025-08-18T15:52:58 IST" skipped="0">
  <testcase classname="TestNG_practiceQuestions18August.DummyLoginPageParameter" name="loginTest" time="0.020"/>
</testsuite> <!-- TestNG_practiceQuestions18August.DummyLoginPageParameter -->
