<?xml version="1.0" encoding="UTF-8"?>
<!-- Generated by org.testng.reporters.JUnitReportReporter -->
<testsuite hostname="Prasenjit" failures="0" tests="1" name="Testng_package.Wait_explicit" time="8.202" errors="0" timestamp="2025-08-14T15:34:15 IST" skipped="0">
  <testcase classname="Testng_package.Wait_explicit" name="f" time="8.202"/>
</testsuite> <!-- Testng_package.Wait_explicit -->
