<?xml version="1.0" encoding="UTF-8"?>
<!-- Generated by org.testng.reporters.JUnitReportReporter -->
<testsuite hostname="Prasenjit" failures="0" tests="4" name="testing_package.Para_testing" time="82.695" errors="0" timestamp="2025-08-14T14:10:30 IST" skipped="0">
  <testcase classname="testing_package.Para_testing" name="flipkart" time="19.308"/>
  <testcase classname="testing_package.Para_testing" name="zerobank" time="20.524"/>
  <testcase classname="testing_package.Para_testing" name="amazon" time="24.120"/>
  <testcase classname="testing_package.Para_testing" name="eBay" time="18.743"/>
</testsuite> <!-- testing_package.Para_testing -->
